<?xml version="1.0" encoding="UTF-8"?>
<testng-results ignored="0" total="1" passed="1" failed="0" skipped="0">
  <reporter-output>
  </reporter-output>
  <suite started-at="2022-11-27T21:50:43 IST" name="Default suite" finished-at="2022-11-27T21:51:03 IST" duration-ms="19392">
    <groups>
    </groups>
    <test started-at="2022-11-27T21:50:43 IST" name="Default test" finished-at="2022-11-27T21:51:03 IST" duration-ms="19392">
      <class name="com.maven.web.login">
        <test-method signature="launch()[pri:0, instance:com.maven.web.login@6392827e]" started-at="2022-11-27T21:50:43 IST" name="launch" finished-at="2022-11-27T21:51:03 IST" duration-ms="19355" status="PASS">
          <reporter-output>
          </reporter-output>
        </test-method> <!-- launch -->
      </class> <!-- com.maven.web.login -->
    </test> <!-- Default test -->
  </suite> <!-- Default suite -->
</testng-results>
